build/app/intermediates/manifest_merge_blame_file/release/manifest-merger-blame-release-report.txt
1<?xml version="1.0" encoding="utf-8"?>
2<manifest xmlns:android="http://schemas.android.com/apk/res/android"
3    package="lucagessi.cicaboat"
4    android:versionCode="1"
5    android:versionName="1.0.0" >
6
7    <uses-sdk
8        android:minSdkVersion="21"
8-->src/main/AndroidManifest.xml
9        android:targetSdkVersion="31" />
9-->src/main/AndroidManifest.xml
10
11    <uses-permission android:name="android.permission.READ_PHONE_STATE" />
11-->src/main/AndroidManifest.xml:41:5-75
11-->src/main/AndroidManifest.xml:41:22-72
12    <uses-permission android:name="android.permission.ACCESS_NETWORK_STATE" />
12-->[com.google.firebase:firebase-messaging:23.0.0] AndroidManifest.xml:22:5-79
12-->[com.google.firebase:firebase-messaging:23.0.0] AndroidManifest.xml:22:22-76
13    <uses-permission android:name="android.permission.WAKE_LOCK" /> <!-- Required by older versions of Google Play services to create IID tokens -->
13-->[com.google.firebase:firebase-messaging:23.0.0] AndroidManifest.xml:23:5-68
13-->[com.google.firebase:firebase-messaging:23.0.0] AndroidManifest.xml:23:22-65
14    <uses-permission android:name="com.google.android.c2dm.permission.RECEIVE" />
14-->[com.google.firebase:firebase-messaging:23.0.0] AndroidManifest.xml:25:5-82
14-->[com.google.firebase:firebase-messaging:23.0.0] AndroidManifest.xml:25:22-79
15    <uses-permission android:name="android.permission.INTERNET" />
15-->[com.google.android.datatransport:transport-backend-cct:3.0.0] AndroidManifest.xml:26:5-67
15-->[com.google.android.datatransport:transport-backend-cct:3.0.0] AndroidManifest.xml:26:22-64
16
17    <application
18        android:name="android.app.Application"
18-->src/main/AndroidManifest.xml:5:9-42
19        android:appComponentFactory="androidx.core.app.CoreComponentFactory"
19-->[androidx.core:core:1.6.0] AndroidManifest.xml:24:18-86
20        android:icon="@mipmap/ic_launcher"
20-->src/main/AndroidManifest.xml:6:9-43
21        android:label="cicaboat" >
21-->src/main/AndroidManifest.xml:4:9-33
22        <activity
22-->src/main/AndroidManifest.xml:7:9-27:20
23            android:name="lucagessi.cicaboat.MainActivity"
23-->src/main/AndroidManifest.xml:8:13-41
24            android:configChanges="orientation|keyboardHidden|keyboard|screenSize|smallestScreenSize|locale|layoutDirection|fontScale|screenLayout|density|uiMode"
24-->src/main/AndroidManifest.xml:12:13-163
25            android:exported="true"
25-->src/main/AndroidManifest.xml:9:13-36
26            android:hardwareAccelerated="true"
26-->src/main/AndroidManifest.xml:13:13-47
27            android:launchMode="singleTop"
27-->src/main/AndroidManifest.xml:10:13-43
28            android:theme="@style/LaunchTheme"
28-->src/main/AndroidManifest.xml:11:13-47
29            android:windowSoftInputMode="adjustResize" >
29-->src/main/AndroidManifest.xml:14:13-55
30
31            <!--
32                 Specifies an Android theme to apply to this Activity as soon as
33                 the Android process has started. This theme is visible to the user
34                 while the Flutter UI initializes. After that, this theme continues
35                 to determine the Window background behind the Flutter UI.
36            -->
37            <meta-data
37-->src/main/AndroidManifest.xml:19:13-22:17
38                android:name="io.flutter.embedding.android.NormalTheme"
38-->src/main/AndroidManifest.xml:20:15-70
39                android:resource="@style/NormalTheme" />
39-->src/main/AndroidManifest.xml:21:15-52
40
41            <intent-filter>
41-->src/main/AndroidManifest.xml:23:13-26:29
42                <action android:name="android.intent.action.MAIN" />
42-->src/main/AndroidManifest.xml:24:17-68
42-->src/main/AndroidManifest.xml:24:25-66
43
44                <category android:name="android.intent.category.LAUNCHER" />
44-->src/main/AndroidManifest.xml:25:17-76
44-->src/main/AndroidManifest.xml:25:27-74
45            </intent-filter>
46        </activity>
47        <!--
48             Don't delete the meta-data below.
49             This is used by the Flutter tool to generate GeneratedPluginRegistrant.java
50        -->
51        <meta-data
51-->src/main/AndroidManifest.xml:30:9-32:33
52            android:name="flutterEmbedding"
52-->src/main/AndroidManifest.xml:31:13-44
53            android:value="2" />
53-->src/main/AndroidManifest.xml:32:13-30
54
55        <receiver
55-->src/main/AndroidManifest.xml:34:9-38:20
56            android:name="lucagessi.cicaboat.MainActivity$ServiceReceiver"
56-->src/main/AndroidManifest.xml:34:19-81
57            android:enabled="true" >
57-->src/main/AndroidManifest.xml:34:82-104
58            <intent-filter>
58-->src/main/AndroidManifest.xml:35:13-37:29
59                <action android:name="android.intent.action.PHONE_STATE" />
59-->src/main/AndroidManifest.xml:36:17-76
59-->src/main/AndroidManifest.xml:36:25-73
60            </intent-filter>
61        </receiver>
62        <receiver android:name="com.connectycube.flutter.connectycube_flutter_call_kit.EventReceiver" />
62-->[:connectycube_flutter_call_kit] AndroidManifest.xml:8:9-105
62-->[:connectycube_flutter_call_kit] AndroidManifest.xml:8:19-102
63
64        <activity
64-->[:connectycube_flutter_call_kit] AndroidManifest.xml:10:9-19:43
65            android:name="com.connectycube.flutter.connectycube_flutter_call_kit.IncomingCallActivity"
65-->[:connectycube_flutter_call_kit] AndroidManifest.xml:11:13-103
66            android:excludeFromRecents="true"
66-->[:connectycube_flutter_call_kit] AndroidManifest.xml:12:13-46
67            android:noHistory="true"
67-->[:connectycube_flutter_call_kit] AndroidManifest.xml:13:13-37
68            android:screenOrientation="sensorPortrait"
68-->[:connectycube_flutter_call_kit] AndroidManifest.xml:14:13-55
69            android:showOnLockScreen="true"
69-->[:connectycube_flutter_call_kit] AndroidManifest.xml:15:13-44
70            android:showWhenLocked="true"
70-->[:connectycube_flutter_call_kit] AndroidManifest.xml:16:13-42
71            android:taskAffinity="com.connectycube.flutter.connectycube_flutter_call_kit.INCOMING_CALL_AFFINITY"
71-->[:connectycube_flutter_call_kit] AndroidManifest.xml:17:13-113
72            android:theme="@android:style/Theme.Holo.NoActionBar"
72-->[:connectycube_flutter_call_kit] AndroidManifest.xml:18:13-66
73            android:turnScreenOn="true" />
73-->[:connectycube_flutter_call_kit] AndroidManifest.xml:19:13-40
74
75        <service
75-->[:connectycube_flutter_call_kit] AndroidManifest.xml:21:9-24:72
76            android:name="com.connectycube.flutter.connectycube_flutter_call_kit.background_isolates.ConnectycubeFlutterBgPerformingService"
76-->[:connectycube_flutter_call_kit] AndroidManifest.xml:22:13-141
77            android:exported="false"
77-->[:connectycube_flutter_call_kit] AndroidManifest.xml:23:13-37
78            android:permission="android.permission.BIND_JOB_SERVICE" />
78-->[:connectycube_flutter_call_kit] AndroidManifest.xml:24:13-69
79        <service
79-->[:connectycube_flutter_call_kit] AndroidManifest.xml:25:9-31:19
80            android:name="com.connectycube.flutter.connectycube_flutter_call_kit.ConnectycubeFCMService"
80-->[:connectycube_flutter_call_kit] AndroidManifest.xml:26:13-105
81            android:exported="false" >
81-->[:connectycube_flutter_call_kit] AndroidManifest.xml:27:13-37
82            <intent-filter>
82-->[:connectycube_flutter_call_kit] AndroidManifest.xml:28:13-30:29
83                <action android:name="com.google.firebase.MESSAGING_EVENT" />
83-->[:connectycube_flutter_call_kit] AndroidManifest.xml:29:17-78
83-->[:connectycube_flutter_call_kit] AndroidManifest.xml:29:25-75
84            </intent-filter>
85        </service>
86        <service
86-->[com.google.firebase:firebase-messaging-ktx:23.0.0] AndroidManifest.xml:26:9-32:19
87            android:name="com.google.firebase.components.ComponentDiscoveryService"
87-->[com.google.firebase:firebase-messaging-ktx:23.0.0] AndroidManifest.xml:27:13-84
88            android:directBootAware="true"
88-->[com.google.firebase:firebase-common:20.0.0] AndroidManifest.xml:35:13-43
89            android:exported="false" >
89-->[com.google.firebase:firebase-messaging-ktx:23.0.0] AndroidManifest.xml:28:13-37
90            <meta-data
90-->[com.google.firebase:firebase-messaging-ktx:23.0.0] AndroidManifest.xml:29:13-31:85
91                android:name="com.google.firebase.components:com.google.firebase.messaging.ktx.FirebaseMessagingKtxRegistrar"
91-->[com.google.firebase:firebase-messaging-ktx:23.0.0] AndroidManifest.xml:30:17-126
92                android:value="com.google.firebase.components.ComponentRegistrar" />
92-->[com.google.firebase:firebase-messaging-ktx:23.0.0] AndroidManifest.xml:31:17-82
93            <meta-data
93-->[com.google.firebase:firebase-common-ktx:20.0.0] AndroidManifest.xml:15:13-17:85
94                android:name="com.google.firebase.components:com.google.firebase.ktx.FirebaseCommonKtxRegistrar"
94-->[com.google.firebase:firebase-common-ktx:20.0.0] AndroidManifest.xml:16:17-113
95                android:value="com.google.firebase.components.ComponentRegistrar" />
95-->[com.google.firebase:firebase-common-ktx:20.0.0] AndroidManifest.xml:17:17-82
96            <meta-data
96-->[com.google.firebase:firebase-messaging:23.0.0] AndroidManifest.xml:52:13-54:85
97                android:name="com.google.firebase.components:com.google.firebase.messaging.FirebaseMessagingRegistrar"
97-->[com.google.firebase:firebase-messaging:23.0.0] AndroidManifest.xml:53:17-119
98                android:value="com.google.firebase.components.ComponentRegistrar" />
98-->[com.google.firebase:firebase-messaging:23.0.0] AndroidManifest.xml:54:17-82
99            <meta-data
99-->[com.google.firebase:firebase-datatransport:18.0.0] AndroidManifest.xml:28:13-30:85
100                android:name="com.google.firebase.components:com.google.firebase.datatransport.TransportRegistrar"
100-->[com.google.firebase:firebase-datatransport:18.0.0] AndroidManifest.xml:29:17-115
101                android:value="com.google.firebase.components.ComponentRegistrar" />
101-->[com.google.firebase:firebase-datatransport:18.0.0] AndroidManifest.xml:30:17-82
102            <meta-data
102-->[com.google.firebase:firebase-installations:17.0.0] AndroidManifest.xml:18:13-20:85
103                android:name="com.google.firebase.components:com.google.firebase.installations.FirebaseInstallationsRegistrar"
103-->[com.google.firebase:firebase-installations:17.0.0] AndroidManifest.xml:19:17-127
104                android:value="com.google.firebase.components.ComponentRegistrar" />
104-->[com.google.firebase:firebase-installations:17.0.0] AndroidManifest.xml:20:17-82
105        </service>
106
107        <receiver
107-->[com.google.firebase:firebase-messaging:23.0.0] AndroidManifest.xml:28:9-35:20
108            android:name="com.google.firebase.iid.FirebaseInstanceIdReceiver"
108-->[com.google.firebase:firebase-messaging:23.0.0] AndroidManifest.xml:29:13-78
109            android:exported="true"
109-->[com.google.firebase:firebase-messaging:23.0.0] AndroidManifest.xml:30:13-36
110            android:permission="com.google.android.c2dm.permission.SEND" >
110-->[com.google.firebase:firebase-messaging:23.0.0] AndroidManifest.xml:31:13-73
111            <intent-filter>
111-->[com.google.firebase:firebase-messaging:23.0.0] AndroidManifest.xml:32:13-34:29
112                <action android:name="com.google.android.c2dm.intent.RECEIVE" />
112-->[com.google.firebase:firebase-messaging:23.0.0] AndroidManifest.xml:33:17-81
112-->[com.google.firebase:firebase-messaging:23.0.0] AndroidManifest.xml:33:25-78
113            </intent-filter>
114        </receiver>
115        <!--
116             FirebaseMessagingService performs security checks at runtime,
117             but set to not exported to explicitly avoid allowing another app to call it.
118        -->
119        <service
119-->[com.google.firebase:firebase-messaging:23.0.0] AndroidManifest.xml:41:9-48:19
120            android:name="com.google.firebase.messaging.FirebaseMessagingService"
120-->[com.google.firebase:firebase-messaging:23.0.0] AndroidManifest.xml:42:13-82
121            android:directBootAware="true"
121-->[com.google.firebase:firebase-messaging:23.0.0] AndroidManifest.xml:43:13-43
122            android:exported="false" >
122-->[com.google.firebase:firebase-messaging:23.0.0] AndroidManifest.xml:44:13-37
123            <intent-filter android:priority="-500" >
123-->[:connectycube_flutter_call_kit] AndroidManifest.xml:28:13-30:29
124                <action android:name="com.google.firebase.MESSAGING_EVENT" />
124-->[:connectycube_flutter_call_kit] AndroidManifest.xml:29:17-78
124-->[:connectycube_flutter_call_kit] AndroidManifest.xml:29:25-75
125            </intent-filter>
126        </service>
127        <service
127-->[com.google.android.datatransport:transport-backend-cct:3.0.0] AndroidManifest.xml:29:9-35:19
128            android:name="com.google.android.datatransport.runtime.backends.TransportBackendDiscovery"
128-->[com.google.android.datatransport:transport-backend-cct:3.0.0] AndroidManifest.xml:30:13-103
129            android:exported="false" >
129-->[com.google.android.datatransport:transport-backend-cct:3.0.0] AndroidManifest.xml:31:13-37
130            <meta-data
130-->[com.google.android.datatransport:transport-backend-cct:3.0.0] AndroidManifest.xml:32:13-34:39
131                android:name="backend:com.google.android.datatransport.cct.CctBackendFactory"
131-->[com.google.android.datatransport:transport-backend-cct:3.0.0] AndroidManifest.xml:33:17-94
132                android:value="cct" />
132-->[com.google.android.datatransport:transport-backend-cct:3.0.0] AndroidManifest.xml:34:17-36
133        </service>
134
135        <provider
135-->[com.google.firebase:firebase-common:20.0.0] AndroidManifest.xml:26:9-31:39
136            android:name="com.google.firebase.provider.FirebaseInitProvider"
136-->[com.google.firebase:firebase-common:20.0.0] AndroidManifest.xml:27:13-77
137            android:authorities="lucagessi.cicaboat.firebaseinitprovider"
137-->[com.google.firebase:firebase-common:20.0.0] AndroidManifest.xml:28:13-72
138            android:directBootAware="true"
138-->[com.google.firebase:firebase-common:20.0.0] AndroidManifest.xml:29:13-43
139            android:exported="false"
139-->[com.google.firebase:firebase-common:20.0.0] AndroidManifest.xml:30:13-37
140            android:initOrder="100" />
140-->[com.google.firebase:firebase-common:20.0.0] AndroidManifest.xml:31:13-36
141
142        <meta-data
142-->[com.google.android.gms:play-services-basement:17.2.1] AndroidManifest.xml:23:9-25:69
143            android:name="com.google.android.gms.version"
143-->[com.google.android.gms:play-services-basement:17.2.1] AndroidManifest.xml:24:13-58
144            android:value="@integer/google_play_services_version" />
144-->[com.google.android.gms:play-services-basement:17.2.1] AndroidManifest.xml:25:13-66
145
146        <service
146-->[com.google.android.datatransport:transport-runtime:3.0.0] AndroidManifest.xml:26:9-30:19
147            android:name="com.google.android.datatransport.runtime.scheduling.jobscheduling.JobInfoSchedulerService"
147-->[com.google.android.datatransport:transport-runtime:3.0.0] AndroidManifest.xml:27:13-117
148            android:exported="false"
148-->[com.google.android.datatransport:transport-runtime:3.0.0] AndroidManifest.xml:28:13-37
149            android:permission="android.permission.BIND_JOB_SERVICE" >
149-->[com.google.android.datatransport:transport-runtime:3.0.0] AndroidManifest.xml:29:13-69
150        </service>
151
152        <receiver
152-->[com.google.android.datatransport:transport-runtime:3.0.0] AndroidManifest.xml:32:9-34:40
153            android:name="com.google.android.datatransport.runtime.scheduling.jobscheduling.AlarmManagerSchedulerBroadcastReceiver"
153-->[com.google.android.datatransport:transport-runtime:3.0.0] AndroidManifest.xml:33:13-132
154            android:exported="false" />
154-->[com.google.android.datatransport:transport-runtime:3.0.0] AndroidManifest.xml:34:13-37
155    </application>
156
157</manifest>